<?xml version="1.0" encoding="UTF-8"?>
<testsuite xmlns:xsi="http://www.w3.org/2001/XMLSchema-instance" xsi:noNamespaceSchemaLocation="https://maven.apache.org/surefire/maven-surefire-plugin/xsd/surefire-test-report-3.0.xsd" version="3.0" name="services.MachineServiceTest" time="4.848" tests="5" errors="0" skipped="0" failures="0">
  <properties>
    <property name="java.specification.version" value="23"/>
    <property name="sun.cpu.isalist" value="amd64"/>
    <property name="sun.jnu.encoding" value="Cp1252"/>
    <property name="java.class.path" value="D:\Stuff\Me\My Carrier\Cycle d&apos;ingénieur\5IIR\Architecture\TP4\target\test-classes;D:\Stuff\Me\My Carrier\Cycle d&apos;ingénieur\5IIR\Architecture\TP4\target\classes;C:\Users\Soulaimane\.m2\repository\org\hibernate\orm\hibernate-core\6.4.4.Final\hibernate-core-6.4.4.Final.jar;C:\Users\Soulaimane\.m2\repository\jakarta\transaction\jakarta.transaction-api\2.0.1\jakarta.transaction-api-2.0.1.jar;C:\Users\Soulaimane\.m2\repository\org\jboss\logging\jboss-logging\3.5.0.Final\jboss-logging-3.5.0.Final.jar;C:\Users\Soulaimane\.m2\repository\org\hibernate\common\hibernate-commons-annotations\6.0.6.Final\hibernate-commons-annotations-6.0.6.Final.jar;C:\Users\Soulaimane\.m2\repository\io\smallrye\jandex\3.1.2\jandex-3.1.2.jar;C:\Users\Soulaimane\.m2\repository\com\fasterxml\classmate\1.5.1\classmate-1.5.1.jar;C:\Users\Soulaimane\.m2\repository\net\bytebuddy\byte-buddy\1.14.11\byte-buddy-1.14.11.jar;C:\Users\Soulaimane\.m2\repository\jakarta\xml\bind\jakarta.xml.bind-api\4.0.0\jakarta.xml.bind-api-4.0.0.jar;C:\Users\Soulaimane\.m2\repository\jakarta\activation\jakarta.activation-api\2.1.0\jakarta.activation-api-2.1.0.jar;C:\Users\Soulaimane\.m2\repository\org\glassfish\jaxb\jaxb-runtime\4.0.2\jaxb-runtime-4.0.2.jar;C:\Users\Soulaimane\.m2\repository\org\glassfish\jaxb\jaxb-core\4.0.2\jaxb-core-4.0.2.jar;C:\Users\Soulaimane\.m2\repository\org\eclipse\angus\angus-activation\2.0.0\angus-activation-2.0.0.jar;C:\Users\Soulaimane\.m2\repository\org\glassfish\jaxb\txw2\4.0.2\txw2-4.0.2.jar;C:\Users\Soulaimane\.m2\repository\com\sun\istack\istack-commons-runtime\4.1.1\istack-commons-runtime-4.1.1.jar;C:\Users\Soulaimane\.m2\repository\jakarta\inject\jakarta.inject-api\2.0.1\jakarta.inject-api-2.0.1.jar;C:\Users\Soulaimane\.m2\repository\org\antlr\antlr4-runtime\4.13.0\antlr4-runtime-4.13.0.jar;C:\Users\Soulaimane\.m2\repository\com\mysql\mysql-connector-j\9.0.0\mysql-connector-j-9.0.0.jar;C:\Users\Soulaimane\.m2\repository\com\google\protobuf\protobuf-java\4.26.1\protobuf-java-4.26.1.jar;C:\Users\Soulaimane\.m2\repository\jakarta\persistence\jakarta.persistence-api\3.1.0\jakarta.persistence-api-3.1.0.jar;C:\Users\Soulaimane\.m2\repository\org\junit\jupiter\junit-jupiter\5.10.2\junit-jupiter-5.10.2.jar;C:\Users\Soulaimane\.m2\repository\org\junit\jupiter\junit-jupiter-api\5.10.2\junit-jupiter-api-5.10.2.jar;C:\Users\Soulaimane\.m2\repository\org\opentest4j\opentest4j\1.3.0\opentest4j-1.3.0.jar;C:\Users\Soulaimane\.m2\repository\org\junit\platform\junit-platform-commons\1.10.2\junit-platform-commons-1.10.2.jar;C:\Users\Soulaimane\.m2\repository\org\apiguardian\apiguardian-api\1.1.2\apiguardian-api-1.1.2.jar;C:\Users\Soulaimane\.m2\repository\org\junit\jupiter\junit-jupiter-params\5.10.2\junit-jupiter-params-5.10.2.jar;C:\Users\Soulaimane\.m2\repository\org\junit\jupiter\junit-jupiter-engine\5.10.2\junit-jupiter-engine-5.10.2.jar;C:\Users\Soulaimane\.m2\repository\org\junit\platform\junit-platform-engine\1.10.2\junit-platform-engine-1.10.2.jar;"/>
    <property name="java.vm.vendor" value="Oracle Corporation"/>
    <property name="sun.arch.data.model" value="64"/>
    <property name="user.variant" value=""/>
    <property name="java.vendor.url" value="https://java.oracle.com/"/>
    <property name="user.timezone" value="Africa/Casablanca"/>
    <property name="user.country.format" value="US"/>
    <property name="os.name" value="Windows 11"/>
    <property name="java.vm.specification.version" value="23"/>
    <property name="sun.java.launcher" value="SUN_STANDARD"/>
    <property name="user.country" value="FR"/>
    <property name="sun.boot.library.path" value="C:\Program Files\Java\jdk-23.0.2\bin"/>
    <property name="sun.java.command" value="C:\Users\Soulaimane\AppData\Local\Temp\surefire5459637076279226229\surefirebooter-20251017042750425_3.jar C:\Users\Soulaimane\AppData\Local\Temp\surefire5459637076279226229 2025-10-17T04-27-50_284-jvmRun1 surefire-20251017042750425_1tmp surefire_0-20251017042750425_2tmp"/>
    <property name="jdk.debug" value="release"/>
    <property name="surefire.test.class.path" value="D:\Stuff\Me\My Carrier\Cycle d&apos;ingénieur\5IIR\Architecture\TP4\target\test-classes;D:\Stuff\Me\My Carrier\Cycle d&apos;ingénieur\5IIR\Architecture\TP4\target\classes;C:\Users\Soulaimane\.m2\repository\org\hibernate\orm\hibernate-core\6.4.4.Final\hibernate-core-6.4.4.Final.jar;C:\Users\Soulaimane\.m2\repository\jakarta\transaction\jakarta.transaction-api\2.0.1\jakarta.transaction-api-2.0.1.jar;C:\Users\Soulaimane\.m2\repository\org\jboss\logging\jboss-logging\3.5.0.Final\jboss-logging-3.5.0.Final.jar;C:\Users\Soulaimane\.m2\repository\org\hibernate\common\hibernate-commons-annotations\6.0.6.Final\hibernate-commons-annotations-6.0.6.Final.jar;C:\Users\Soulaimane\.m2\repository\io\smallrye\jandex\3.1.2\jandex-3.1.2.jar;C:\Users\Soulaimane\.m2\repository\com\fasterxml\classmate\1.5.1\classmate-1.5.1.jar;C:\Users\Soulaimane\.m2\repository\net\bytebuddy\byte-buddy\1.14.11\byte-buddy-1.14.11.jar;C:\Users\Soulaimane\.m2\repository\jakarta\xml\bind\jakarta.xml.bind-api\4.0.0\jakarta.xml.bind-api-4.0.0.jar;C:\Users\Soulaimane\.m2\repository\jakarta\activation\jakarta.activation-api\2.1.0\jakarta.activation-api-2.1.0.jar;C:\Users\Soulaimane\.m2\repository\org\glassfish\jaxb\jaxb-runtime\4.0.2\jaxb-runtime-4.0.2.jar;C:\Users\Soulaimane\.m2\repository\org\glassfish\jaxb\jaxb-core\4.0.2\jaxb-core-4.0.2.jar;C:\Users\Soulaimane\.m2\repository\org\eclipse\angus\angus-activation\2.0.0\angus-activation-2.0.0.jar;C:\Users\Soulaimane\.m2\repository\org\glassfish\jaxb\txw2\4.0.2\txw2-4.0.2.jar;C:\Users\Soulaimane\.m2\repository\com\sun\istack\istack-commons-runtime\4.1.1\istack-commons-runtime-4.1.1.jar;C:\Users\Soulaimane\.m2\repository\jakarta\inject\jakarta.inject-api\2.0.1\jakarta.inject-api-2.0.1.jar;C:\Users\Soulaimane\.m2\repository\org\antlr\antlr4-runtime\4.13.0\antlr4-runtime-4.13.0.jar;C:\Users\Soulaimane\.m2\repository\com\mysql\mysql-connector-j\9.0.0\mysql-connector-j-9.0.0.jar;C:\Users\Soulaimane\.m2\repository\com\google\protobuf\protobuf-java\4.26.1\protobuf-java-4.26.1.jar;C:\Users\Soulaimane\.m2\repository\jakarta\persistence\jakarta.persistence-api\3.1.0\jakarta.persistence-api-3.1.0.jar;C:\Users\Soulaimane\.m2\repository\org\junit\jupiter\junit-jupiter\5.10.2\junit-jupiter-5.10.2.jar;C:\Users\Soulaimane\.m2\repository\org\junit\jupiter\junit-jupiter-api\5.10.2\junit-jupiter-api-5.10.2.jar;C:\Users\Soulaimane\.m2\repository\org\opentest4j\opentest4j\1.3.0\opentest4j-1.3.0.jar;C:\Users\Soulaimane\.m2\repository\org\junit\platform\junit-platform-commons\1.10.2\junit-platform-commons-1.10.2.jar;C:\Users\Soulaimane\.m2\repository\org\apiguardian\apiguardian-api\1.1.2\apiguardian-api-1.1.2.jar;C:\Users\Soulaimane\.m2\repository\org\junit\jupiter\junit-jupiter-params\5.10.2\junit-jupiter-params-5.10.2.jar;C:\Users\Soulaimane\.m2\repository\org\junit\jupiter\junit-jupiter-engine\5.10.2\junit-jupiter-engine-5.10.2.jar;C:\Users\Soulaimane\.m2\repository\org\junit\platform\junit-platform-engine\1.10.2\junit-platform-engine-1.10.2.jar;"/>
    <property name="sun.cpu.endian" value="little"/>
    <property name="user.home" value="C:\Users\Soulaimane"/>
    <property name="user.language" value="fr"/>
    <property name="java.specification.vendor" value="Oracle Corporation"/>
    <property name="java.version.date" value="2025-01-21"/>
    <property name="java.home" value="C:\Program Files\Java\jdk-23.0.2"/>
    <property name="file.separator" value="\"/>
    <property name="basedir" value="D:\Stuff\Me\My Carrier\Cycle d&apos;ingénieur\5IIR\Architecture\TP4"/>
    <property name="java.vm.compressedOopsMode" value="32-bit"/>
    <property name="line.separator" value="&#10;"/>
    <property name="java.vm.specification.vendor" value="Oracle Corporation"/>
    <property name="java.specification.name" value="Java Platform API Specification"/>
    <property name="surefire.real.class.path" value="C:\Users\Soulaimane\AppData\Local\Temp\surefire5459637076279226229\surefirebooter-20251017042750425_3.jar"/>
    <property name="user.script" value=""/>
    <property name="sun.management.compiler" value="HotSpot 64-Bit Tiered Compilers"/>
    <property name="java.runtime.version" value="23.0.2+7-58"/>
    <property name="user.name" value="Soulaimane"/>
    <property name="stdout.encoding" value="Cp1252"/>
    <property name="path.separator" value=";"/>
    <property name="os.version" value="10.0"/>
    <property name="java.runtime.name" value="Java(TM) SE Runtime Environment"/>
    <property name="file.encoding" value="UTF-8"/>
    <property name="java.vm.name" value="Java HotSpot(TM) 64-Bit Server VM"/>
    <property name="localRepository" value="C:\Users\Soulaimane\.m2\repository"/>
    <property name="java.vendor.url.bug" value="https://bugreport.java.com/bugreport/"/>
    <property name="java.io.tmpdir" value="C:\Users\SOULAI~1\AppData\Local\Temp\"/>
    <property name="java.version" value="23.0.2"/>
    <property name="user.dir" value="D:\Stuff\Me\My Carrier\Cycle d&apos;ingénieur\5IIR\Architecture\TP4"/>
    <property name="os.arch" value="amd64"/>
    <property name="java.vm.specification.name" value="Java Virtual Machine Specification"/>
    <property name="user.language.format" value="en"/>
    <property name="sun.os.patch.level" value=""/>
    <property name="native.encoding" value="Cp1252"/>
    <property name="java.library.path" value="C:\Program Files\Java\jdk-23.0.2\bin;C:\WINDOWS\Sun\Java\bin;C:\WINDOWS\system32;C:\WINDOWS;c:\Users\Soulaimane\AppData\Local\Programs\cursor\resources\app\bin;C:\Program Files\Java\jdk-23.0.2\bin;C:\app\Soulaimane\product\21c\dbhomeXE\bin;C:\windows\system32;C:\windows;C:\windows\System32\Wbem;C:\windows\System32\WindowsPowerShell\v1.0\;C:\windows\System32\OpenSSH\;C:\Program Files (x86)\NVIDIA Corporation\PhysX\Common;C:\Program Files\NVIDIA Corporation\NVIDIA NvDLISR;C:\WINDOWS\system32;C:\WINDOWS;C:\WINDOWS\System32\Wbem;C:\WINDOWS\System32\WindowsPowerShell\v1.0\;C:\WINDOWS\System32\OpenSSH\;C:\Program Files\HP\HP One Agent;C:\Program Files\MongoDB\Tools\100\bin;C:\Program Files\MySQL\MySQL Server 8.0\bin;C:\Program Files\Java\maven-3.9.9\bin;C:\winutils-master\winutils-master\hadoop-3.2.0\bin;C:\spark-3.5.5-bin-hadoop3\bin;D:\sysFiles\Stripe;C:\minikube;C:\Users\Soulaimane\AppData\Local\Microsoft\WindowsApps;C:\Users\Soulaimane\AppData\Roaming\npm;c:\Users\Soulaimane\AppData\Local\Programs\cursor\resources\app\bin;C:\Program Files\nodejs\;C:\Program Files\Git\cmd;C:\Users\Soulaimane\AppData\Roaming\npm;C:\Program Files\terraform;C:\Program Files\Docker\Docker\resources\bin;C:\Program Files\Java\apache-maven-3.9.11\bin;C:\Users\Soulaimane\AppData\Local\Microsoft\WindowsApps;C:\Users\Soulaimane\AppData\Local\Programs\Microsoft VS Code\bin;C:\Users\Soulaimane\AppData\Roaming\npm;C:\Users\Soulaimane\AppData\Local\Programs\cursor\resources\app\bin;C:\Users\Soulaimane\AppData\Local\GitHubDesktop\bin;."/>
    <property name="java.vm.info" value="mixed mode, sharing"/>
    <property name="stderr.encoding" value="Cp1252"/>
    <property name="java.vendor" value="Oracle Corporation"/>
    <property name="java.vm.version" value="23.0.2+7-58"/>
    <property name="sun.io.unicode.encoding" value="UnicodeLittle"/>
    <property name="java.class.version" value="67.0"/>
  </properties>
  <testcase name="testFindBetweenDate" classname="services.MachineServiceTest" time="4.44">
    <system-out><![CDATA[Hibernate: 
    insert 
    into
        salles
        (code) 
    values
        (?)
Hibernate: 
    insert 
    into
        Machine
        (dateAchat, ref, salle_id) 
    values
        (?, ?, ?)
Hibernate: 
    select
        m1_0.id,
        m1_0.dateAchat,
        m1_0.ref,
        m1_0.salle_id 
    from
        Machine m1_0 
    where
        m1_0.dateAchat between ? and ?
Hibernate: 
    select
        s1_0.id,
        s1_0.code,
        m1_0.salle_id,
        m1_0.id,
        m1_0.dateAchat,
        m1_0.ref 
    from
        salles s1_0 
    left join
        Machine m1_0 
            on s1_0.id=m1_0.salle_id 
    where
        s1_0.id=?
Hibernate: 
    select
        s1_0.id,
        s1_0.code,
        m1_0.salle_id,
        m1_0.id,
        m1_0.dateAchat,
        m1_0.ref 
    from
        salles s1_0 
    left join
        Machine m1_0 
            on s1_0.id=m1_0.salle_id 
    where
        s1_0.id=?
Hibernate: 
    select
        s1_0.id,
        s1_0.code,
        m1_0.salle_id,
        m1_0.id,
        m1_0.dateAchat,
        m1_0.ref 
    from
        salles s1_0 
    left join
        Machine m1_0 
            on s1_0.id=m1_0.salle_id 
    where
        s1_0.id=?
Hibernate: 
    select
        m1_0.id,
        m1_0.dateAchat,
        m1_0.ref,
        s1_0.id,
        s1_0.code 
    from
        Machine m1_0 
    left join
        salles s1_0 
            on s1_0.id=m1_0.salle_id 
    where
        m1_0.id=?
Hibernate: 
    select
        m1_0.salle_id,
        m1_0.id,
        m1_0.dateAchat,
        m1_0.ref 
    from
        Machine m1_0 
    where
        m1_0.salle_id=?
Hibernate: 
    delete 
    from
        Machine 
    where
        id=?
Hibernate: 
    select
        s1_0.id,
        s1_0.code,
        m1_0.salle_id,
        m1_0.id,
        m1_0.dateAchat,
        m1_0.ref 
    from
        salles s1_0 
    left join
        Machine m1_0 
            on s1_0.id=m1_0.salle_id 
    where
        s1_0.id=?
Hibernate: 
    delete 
    from
        salles 
    where
        id=?
]]></system-out>
    <system-err><![CDATA[Oct 17, 2025 4:27:51 AM org.hibernate.Version logVersion
INFO: HHH000412: Hibernate ORM core version 6.4.4.Final
Oct 17, 2025 4:27:51 AM org.hibernate.boot.jaxb.internal.stax.LocalXmlResourceResolver resolveEntity
WARN: HHH90000012: Recognized obsolete hibernate namespace http://hibernate.sourceforge.net/hibernate-configuration. Use namespace http://www.hibernate.org/dtd/hibernate-configuration instead.  Support for obsolete DTD/XSD namespaces may be removed at any time.
Oct 17, 2025 4:27:51 AM org.hibernate.cache.internal.RegionFactoryInitiator initiateService
INFO: HHH000026: Second-level cache disabled
Oct 17, 2025 4:27:52 AM org.hibernate.engine.jdbc.connections.internal.DriverManagerConnectionProviderImpl configure
WARN: HHH10001002: Using built-in connection pool (not intended for production use)
Oct 17, 2025 4:27:52 AM org.hibernate.engine.jdbc.connections.internal.DriverManagerConnectionProviderImpl buildCreator
INFO: HHH10001005: Loaded JDBC driver class: com.mysql.cj.jdbc.Driver
Oct 17, 2025 4:27:52 AM org.hibernate.engine.jdbc.connections.internal.DriverManagerConnectionProviderImpl buildCreator
INFO: HHH10001012: Connecting with JDBC URL [jdbc:mysql://localhost:3306/base?useSSL=false&serverTimezone=UTC]
Oct 17, 2025 4:27:52 AM org.hibernate.engine.jdbc.connections.internal.DriverManagerConnectionProviderImpl buildCreator
INFO: HHH10001001: Connection properties: {user=root, password=****}
Oct 17, 2025 4:27:52 AM org.hibernate.engine.jdbc.connections.internal.DriverManagerConnectionProviderImpl buildCreator
INFO: HHH10001003: Autocommit mode: false
Oct 17, 2025 4:27:52 AM org.hibernate.engine.jdbc.connections.internal.DriverManagerConnectionProviderImpl$PooledConnections <init>
INFO: HHH10001115: Connection pool size: 20 (min=1)
Oct 17, 2025 4:27:52 AM org.hibernate.engine.jdbc.dialect.internal.DialectFactoryImpl constructDialect
WARN: HHH90000025: MySQL8Dialect does not need to be specified explicitly using 'hibernate.dialect' (remove the property setting and it will be selected by default)
Oct 17, 2025 4:27:52 AM org.hibernate.engine.jdbc.dialect.internal.DialectFactoryImpl logSelectedDialect
WARN: HHH90000026: MySQL8Dialect has been deprecated; use org.hibernate.dialect.MySQLDialect instead
Oct 17, 2025 4:27:54 AM org.hibernate.engine.transaction.jta.platform.internal.JtaPlatformInitiator initiateService
INFO: HHH000489: No JTA platform available (set 'hibernate.transaction.jta.platform' to enable JTA platform integration)
Oct 17, 2025 4:27:55 AM org.hibernate.resource.transaction.backend.jdbc.internal.DdlTransactionIsolatorNonJtaImpl getIsolatedConnection
INFO: HHH10001501: Connection obtained from JdbcConnectionAccess [org.hibernate.engine.jdbc.env.internal.JdbcEnvironmentInitiator$ConnectionProviderJdbcConnectionAccess@4a105556] for (non-JTA) DDL execution was not in auto-commit mode; the Connection 'local transaction' will be committed and the Connection will be set into auto-commit mode.
]]></system-err>
  </testcase>
  <testcase name="testFindById" classname="services.MachineServiceTest" time="0.09">
    <system-out><![CDATA[Hibernate: 
    insert 
    into
        salles
        (code) 
    values
        (?)
Hibernate: 
    insert 
    into
        Machine
        (dateAchat, ref, salle_id) 
    values
        (?, ?, ?)
Hibernate: 
    select
        m1_0.id,
        m1_0.dateAchat,
        m1_0.ref,
        s1_0.id,
        s1_0.code 
    from
        Machine m1_0 
    left join
        salles s1_0 
            on s1_0.id=m1_0.salle_id 
    where
        m1_0.id=?
Hibernate: 
    select
        m1_0.salle_id,
        m1_0.id,
        m1_0.dateAchat,
        m1_0.ref 
    from
        Machine m1_0 
    where
        m1_0.salle_id=?
Hibernate: 
    select
        m1_0.id,
        m1_0.dateAchat,
        m1_0.ref,
        s1_0.id,
        s1_0.code 
    from
        Machine m1_0 
    left join
        salles s1_0 
            on s1_0.id=m1_0.salle_id 
    where
        m1_0.id=?
Hibernate: 
    select
        m1_0.salle_id,
        m1_0.id,
        m1_0.dateAchat,
        m1_0.ref 
    from
        Machine m1_0 
    where
        m1_0.salle_id=?
Hibernate: 
    delete 
    from
        Machine 
    where
        id=?
Hibernate: 
    select
        s1_0.id,
        s1_0.code,
        m1_0.salle_id,
        m1_0.id,
        m1_0.dateAchat,
        m1_0.ref 
    from
        salles s1_0 
    left join
        Machine m1_0 
            on s1_0.id=m1_0.salle_id 
    where
        s1_0.id=?
Hibernate: 
    delete 
    from
        salles 
    where
        id=?
]]></system-out>
  </testcase>
  <testcase name="testCreate" classname="services.MachineServiceTest" time="0.077">
    <system-out><![CDATA[Hibernate: 
    insert 
    into
        salles
        (code) 
    values
        (?)
Hibernate: 
    insert 
    into
        Machine
        (dateAchat, ref, salle_id) 
    values
        (?, ?, ?)
Hibernate: 
    select
        m1_0.id,
        m1_0.dateAchat,
        m1_0.ref,
        s1_0.id,
        s1_0.code 
    from
        Machine m1_0 
    left join
        salles s1_0 
            on s1_0.id=m1_0.salle_id 
    where
        m1_0.id=?
Hibernate: 
    select
        m1_0.salle_id,
        m1_0.id,
        m1_0.dateAchat,
        m1_0.ref 
    from
        Machine m1_0 
    where
        m1_0.salle_id=?
Hibernate: 
    delete 
    from
        Machine 
    where
        id=?
Hibernate: 
    select
        s1_0.id,
        s1_0.code,
        m1_0.salle_id,
        m1_0.id,
        m1_0.dateAchat,
        m1_0.ref 
    from
        salles s1_0 
    left join
        Machine m1_0 
            on s1_0.id=m1_0.salle_id 
    where
        s1_0.id=?
Hibernate: 
    delete 
    from
        salles 
    where
        id=?
]]></system-out>
  </testcase>
  <testcase name="testDelete" classname="services.MachineServiceTest" time="0.085">
    <system-out><![CDATA[Hibernate: 
    insert 
    into
        salles
        (code) 
    values
        (?)
Hibernate: 
    insert 
    into
        Machine
        (dateAchat, ref, salle_id) 
    values
        (?, ?, ?)
Hibernate: 
    delete 
    from
        Machine 
    where
        id=?
Hibernate: 
    select
        m1_0.id,
        m1_0.dateAchat,
        m1_0.ref,
        s1_0.id,
        s1_0.code 
    from
        Machine m1_0 
    left join
        salles s1_0 
            on s1_0.id=m1_0.salle_id 
    where
        m1_0.id=?
Hibernate: 
    select
        m1_0.id,
        m1_0.dateAchat,
        m1_0.ref,
        s1_0.id,
        s1_0.code 
    from
        Machine m1_0 
    left join
        salles s1_0 
            on s1_0.id=m1_0.salle_id 
    where
        m1_0.id=?
Hibernate: 
    select
        s1_0.id,
        s1_0.code,
        m1_0.salle_id,
        m1_0.id,
        m1_0.dateAchat,
        m1_0.ref 
    from
        salles s1_0 
    left join
        Machine m1_0 
            on s1_0.id=m1_0.salle_id 
    where
        s1_0.id=?
Hibernate: 
    delete 
    from
        salles 
    where
        id=?
]]></system-out>
  </testcase>
  <testcase name="testUpdate" classname="services.MachineServiceTest" time="0.103">
    <system-out><![CDATA[Hibernate: 
    insert 
    into
        salles
        (code) 
    values
        (?)
Hibernate: 
    insert 
    into
        Machine
        (dateAchat, ref, salle_id) 
    values
        (?, ?, ?)
Hibernate: 
    update
        Machine 
    set
        dateAchat=?,
        ref=?,
        salle_id=? 
    where
        id=?
Hibernate: 
    select
        m1_0.id,
        m1_0.dateAchat,
        m1_0.ref,
        s1_0.id,
        s1_0.code 
    from
        Machine m1_0 
    left join
        salles s1_0 
            on s1_0.id=m1_0.salle_id 
    where
        m1_0.id=?
Hibernate: 
    select
        m1_0.salle_id,
        m1_0.id,
        m1_0.dateAchat,
        m1_0.ref 
    from
        Machine m1_0 
    where
        m1_0.salle_id=?
Hibernate: 
    select
        m1_0.id,
        m1_0.dateAchat,
        m1_0.ref,
        s1_0.id,
        s1_0.code 
    from
        Machine m1_0 
    left join
        salles s1_0 
            on s1_0.id=m1_0.salle_id 
    where
        m1_0.id=?
Hibernate: 
    select
        m1_0.salle_id,
        m1_0.id,
        m1_0.dateAchat,
        m1_0.ref 
    from
        Machine m1_0 
    where
        m1_0.salle_id=?
Hibernate: 
    delete 
    from
        Machine 
    where
        id=?
Hibernate: 
    select
        s1_0.id,
        s1_0.code,
        m1_0.salle_id,
        m1_0.id,
        m1_0.dateAchat,
        m1_0.ref 
    from
        salles s1_0 
    left join
        Machine m1_0 
            on s1_0.id=m1_0.salle_id 
    where
        s1_0.id=?
Hibernate: 
    delete 
    from
        salles 
    where
        id=?
]]></system-out>
  </testcase>
</testsuite>